
> vibe-generated-app@1.0.0 dev
> vite


  VITE v5.4.20  ready in 267 ms

  ➜  Local:   http://localhost:3000/
  ➜  Network: http://172.20.2.222:3000/
3:03:33 PM [vite] Pre-transform error: Transform failed with 1 error:
/home/workspace/src/components/Hero.jsx:55:50: ERROR: Expected "{" but found "\\"
3:03:34 PM [vite] Internal server error: Transform failed with 1 error:
/home/workspace/src/components/Hero.jsx:55:50: ERROR: Expected "{" but found "\\"
  Plugin: vite:esbuild
  File: /home/workspace/src/components/Hero.jsx:55:50
  
  Expected "{" but found "\\"
  53 |        <div className="absolute inset-0">
  54 |          {canRender3D && SplineComp ? (
  55 |            <ErrorBoundary fallback={<div className=\"w-full h-full bg-gradient-to-br from-indigo-100 via-white to-blue-100\"/>}>
     |                                                    ^
  56 |              <SplineComp scene="https://prod.spline.design/IKzHtP5ThSO83edK/scene.splinecode" style={{ width: '100%', height: '100%' }} />
  57 |            </ErrorBoundary>
  
      at failureErrorWithLog (/home/workspace/node_modules/esbuild/lib/main.js:1472:15)
      at /home/workspace/node_modules/esbuild/lib/main.js:755:50
      at responseCallbacks.<computed> (/home/workspace/node_modules/esbuild/lib/main.js:622:9)
      at handleIncomingPacket (/home/workspace/node_modules/esbuild/lib/main.js:677:12)
      at Socket.readFromStdout (/home/workspace/node_modules/esbuild/lib/main.js:600:7)
      at Socket.emit (node:events:508:28)
      at addChunk (node:internal/streams/readable:559:12)
      at readableAddChunkPushByteMode (node:internal/streams/readable:510:3)
      at Readable.push (node:internal/streams/readable:390:5)
      at Pipe.onStreamRead (node:internal/stream_base_commons:189:23)
3:04:08 PM [vite] Internal server error: Transform failed with 1 error:
/home/workspace/src/components/Hero.jsx:55:50: ERROR: Expected "{" but found "\\"
  Plugin: vite:esbuild
  File: /home/workspace/src/components/Hero.jsx:55:50
  
  Expected "{" but found "\\"
  53 |        <div className="absolute inset-0">
  54 |          {canRender3D && SplineComp ? (
  55 |            <ErrorBoundary fallback={<div className=\"w-full h-full bg-gradient-to-br from-indigo-100 via-white to-blue-100\"/>}>
     |                                                    ^
  56 |              <SplineComp scene="https://prod.spline.design/IKzHtP5ThSO83edK/scene.splinecode" style={{ width: '100%', height: '100%' }} />
  57 |            </ErrorBoundary>
  
      at failureErrorWithLog (/home/workspace/node_modules/esbuild/lib/main.js:1472:15)
      at /home/workspace/node_modules/esbuild/lib/main.js:755:50
      at responseCallbacks.<computed> (/home/workspace/node_modules/esbuild/lib/main.js:622:9)
      at handleIncomingPacket (/home/workspace/node_modules/esbuild/lib/main.js:677:12)
      at Socket.readFromStdout (/home/workspace/node_modules/esbuild/lib/main.js:600:7)
      at Socket.emit (node:events:508:28)
      at addChunk (node:internal/streams/readable:559:12)
      at readableAddChunkPushByteMode (node:internal/streams/readable:510:3)
      at Readable.push (node:internal/streams/readable:390:5)
      at Pipe.onStreamRead (node:internal/stream_base_commons:189:23)
3:04:20 PM [vite] Internal server error: Transform failed with 1 error:
/home/workspace/src/components/Hero.jsx:55:50: ERROR: Expected "{" but found "\\"
  Plugin: vite:esbuild
  File: /home/workspace/src/components/Hero.jsx:55:50
  
  Expected "{" but found "\\"
  53 |        <div className="absolute inset-0">
  54 |          {canRender3D && SplineComp ? (
  55 |            <ErrorBoundary fallback={<div className=\"w-full h-full bg-gradient-to-br from-indigo-100 via-white to-blue-100\"/>}>
     |                                                    ^
  56 |              <SplineComp scene="https://prod.spline.design/IKzHtP5ThSO83edK/scene.splinecode" style={{ width: '100%', height: '100%' }} />
  57 |            </ErrorBoundary>
  
      at failureErrorWithLog (/home/workspace/node_modules/esbuild/lib/main.js:1472:15)
      at /home/workspace/node_modules/esbuild/lib/main.js:755:50
      at responseCallbacks.<computed> (/home/workspace/node_modules/esbuild/lib/main.js:622:9)
      at handleIncomingPacket (/home/workspace/node_modules/esbuild/lib/main.js:677:12)
      at Socket.readFromStdout (/home/workspace/node_modules/esbuild/lib/main.js:600:7)
      at Socket.emit (node:events:508:28)
      at addChunk (node:internal/streams/readable:559:12)
      at readableAddChunkPushByteMode (node:internal/streams/readable:510:3)
      at Readable.push (node:internal/streams/readable:390:5)
      at Pipe.onStreamRead (node:internal/stream_base_commons:189:23)
